\BOOKMARK [0][-]{chapter.1}{\376\377\000D\000o\000c\000u\000m\000e\000n\000t\000\040\000A\000u\000t\000h\000o\000r\000i\000t\000i\000e\000s}{}% 1
\BOOKMARK [0][-]{chapter.2}{\376\377\000E\000x\000e\000c\000u\000t\000i\000v\000e\000\040\000S\000u\000m\000m\000a\000r\000y}{}% 2
\BOOKMARK [1][-]{section.2.1}{\376\377\000S\000c\000o\000p\000e\000\040\000o\000f\000\040\000W\000o\000r\000k}{chapter.2}% 3
\BOOKMARK [1][-]{section.2.2}{\376\377\000P\000r\000o\000j\000e\000c\000t\000\040\000O\000b\000j\000e\000c\000t\000i\000v\000e\000s}{chapter.2}% 4
\BOOKMARK [1][-]{section.2.3}{\376\377\000A\000s\000s\000u\000m\000p\000t\000i\000o\000n\000s}{chapter.2}% 5
\BOOKMARK [1][-]{section.2.4}{\376\377\000T\000i\000m\000e\000l\000i\000n\000e}{chapter.2}% 6
\BOOKMARK [1][-]{section.2.5}{\376\377\000s\000u\000m\000m\000a\000r\000y\000\040\000o\000f\000\040\000F\000i\000n\000d\000i\000n\000g\000s}{chapter.2}% 7
\BOOKMARK [2][-]{subsection.2.5.1}{\376\377\000C\000l\000o\000u\000d\000\040\000M\000e\000t\000a\000d\000a\000t\000a\000\040\000P\000o\000t\000e\000n\000t\000i\000a\000l\000l\000y\000\040\000E\000x\000p\000o\000s\000e\000d}{section.2.5}% 8
\BOOKMARK [2][-]{subsection.2.5.2}{\376\377\000C\000o\000n\000t\000e\000n\000t\000\040\000S\000e\000c\000u\000r\000i\000t\000y\000\040\000P\000o\000l\000i\000c\000y\000\040\000\050\000C\000S\000P\000\051\000\040\000H\000e\000a\000d\000e\000r\000\040\000N\000o\000t\000\040\000S\000e\000t}{section.2.5}% 9
\BOOKMARK [2][-]{subsection.2.5.3}{\376\377\000M\000i\000s\000s\000i\000n\000g\000\040\000A\000n\000t\000i\000-\000c\000l\000i\000c\000k\000j\000a\000c\000k\000i\000n\000g\000\040\000H\000e\000a\000d\000e\000r}{section.2.5}% 10
\BOOKMARK [2][-]{subsection.2.5.4}{\376\377\000C\000r\000o\000s\000s\000-\000D\000o\000m\000a\000i\000n\000\040\000M\000i\000s\000c\000o\000n\000f\000i\000g\000u\000r\000a\000t\000i\000o\000n\000\040}{section.2.5}% 11
\BOOKMARK [2][-]{subsection.2.5.5}{\376\377\000S\000t\000r\000i\000c\000t\000-\000T\000r\000a\000n\000s\000p\000o\000r\000t\000-\000S\000e\000c\000u\000r\000i\000t\000y\000\040\000H\000e\000a\000d\000e\000r\000\040\000N\000o\000t\000\040\000S\000e\000t\000\040}{section.2.5}% 12
\BOOKMARK [2][-]{subsection.2.5.6}{\376\377\000X\000-\000C\000o\000n\000t\000e\000n\000t\000-\000T\000y\000p\000e\000-\000O\000p\000t\000i\000o\000n\000s\000\040\000H\000e\000a\000d\000e\000r\000\040\000M\000i\000s\000s\000i\000n\000g}{section.2.5}% 13
\BOOKMARK [2][-]{subsection.2.5.7}{\376\377\000B\000u\000r\000p\000\040\000S\000u\000i\000t\000\040\000R\000e\000p\000o\000r\000t}{section.2.5}% 14
\BOOKMARK [1][-]{section.2.6}{\376\377\000s\000u\000m\000m\000a\000r\000y\000\040\000o\000f\000\040\000R\000e\000c\000o\000m\000m\000e\000n\000d\000a\000t\000i\000o\000n\000s}{chapter.2}% 15
\BOOKMARK [0][-]{chapter.3}{\376\377\000M\000e\000t\000h\000o\000d\000o\000l\000o\000g\000y}{}% 16
\BOOKMARK [1][-]{section.3.1}{\376\377\000P\000l\000a\000n\000n\000i\000n\000g}{chapter.3}% 17
\BOOKMARK [1][-]{section.3.2}{\376\377\000E\000x\000p\000l\000o\000i\000t\000a\000t\000i\000o\000n}{chapter.3}% 18
\BOOKMARK [1][-]{section.3.3}{\376\377\000R\000e\000p\000o\000r\000t\000i\000n\000g}{chapter.3}% 19
\BOOKMARK [0][-]{chapter.4}{\376\377\000D\000e\000t\000a\000i\000l\000\040\000F\000i\000n\000d\000i\000n\000g\000s}{}% 20
\BOOKMARK [1][-]{section.4.1}{\376\377\000W\000i\000n\000d\000o\000w\000s\000\040\000S\000e\000r\000v\000e\000r\000\040\000I\000n\000f\000o\000r\000m\000a\000t\000i\000o\000n}{chapter.4}% 21
\BOOKMARK [0][-]{chapter*.4}{\376\377\000B\000i\000b\000l\000i\000o\000g\000r\000a\000p\000h\000y}{}% 22
